   1              	# 1 "../pract1a.asm"
   1              	.global start
   0              	
   0              	
   0              	
   2              	.equ N , 4
   3              	.data
   4 0000 01000000 	A: 		.word 1,2,3,4
   4      02000000 
   4      03000000 
   4      04000000 
   5              	.bss
   6 0000 00000000 	B:		.space 4*N
   6      00000000 
   6      00000000 
   6      00000000 
   7              	.text
   8              	start:
   9              	
  10 0000 AC009FE5 			ldr r0, = A
  11 0004 0070A0E1 			mov r7, r0
  12 0008 A8509FE5 			ldr r5,= B
  13 000c 0060A0E3 			mov r6, #0
  14 0010 040056E3 			for1:cmp r6, #N
  15 0014 090000AA 				bge fin
  16 0018 090000EB 				bl mayor
  17 001c 010070E3 				if3:cmp r0, #-1
  18 0020 0400000A 					beq else3
  19 0024 001197E7 					ldr r1,[r7,r0,lsl#2]
  20 0028 061185E7 					str r1, [r5,r6,lsl#2]
  21 002c 0010A0E3 					mov r1, #0
  22 0030 001187E7 					str r1, [r7,r0,lsl#2]
  23 0034 FFFFFFEA 					b else3
  24 0038 016086E2 				else3:add r6,r6,#1
  25 003c F3FFFFEA 						b for1
  26 0040 FEFFFFEA 			fin:b .
  27              	
  28 0044 2E402DE9 			mayor:push {r1,r2,r3,r5,lr}
  29 0048 0030A0E1 				mov r3, r0
  30 004c 0010E0E3 				mov r1, #-1
  31 0050 0050E0E3 				mov r5, #-1
  32 0054 0020A0E3 				mov r2, #0
  33 0058 040052E3 				for:cmp r2, #N
  34 005c 0A0000AA 					bge fin_for
  35 0060 020193E7 					ldr r0, [r3, r2,lsl#2]
  36 0064 010050E1 					if2:cmp r0, r1
  37 0068 050000DA 						ble else2
  38 006c 090000EB 						bl par
  39 0070 010050E3 						if1:cmp r0, #1
  40 0074 0200001A 							bne else2
  41 0078 0010A0E1 							mov r1, r0
  42 007c 0250A0E1 							mov r5, r2
  43 0080 FFFFFFEA 							b else2
  44 0084 012082E2 					else2: add r2,r2,#1
  45 0088 F2FFFFEA 							b for
  46 008c 0500A0E1 				fin_for:mov r0 ,r5
  47 0090 2E40BDE8 				pop {r1,r2,r3,r5,lr}
  48 0094 0EF0A0E1 						mov pc,lr
  49              	
  50              	
  51 0098 010000E2 			par:and r0,r0,#1
  52 009c 000050E3 				if:cmp r0, #0
  53 00a0 0100001A 					bne else
  54 00a4 0100A0E3 					mov r0,#1
  55 00a8 000000EA 					b fin_par
  56 00ac 0000A0E3 				else:mov r0, #0
  57 00b0 0EF0A0E1 			fin_par:mov pc,lr
  58              	
  59 00b4 00000000 			.end
  59      00000000 
DEFINED SYMBOLS
      ../pract1a.asm:8      .text:00000000 start
      ../pract1a.asm:2      *ABS*:00000004 N
      ../pract1a.asm:4      .data:00000000 A
      ../pract1a.asm:6      .bss:00000000 B
      ../pract1a.asm:6      .bss:00000000 $d
      ../pract1a.asm:10     .text:00000000 $a
      ../pract1a.asm:14     .text:00000010 for1
      ../pract1a.asm:26     .text:00000040 fin
      ../pract1a.asm:28     .text:00000044 mayor
      ../pract1a.asm:17     .text:0000001c if3
      ../pract1a.asm:24     .text:00000038 else3
      ../pract1a.asm:33     .text:00000058 for
      ../pract1a.asm:46     .text:0000008c fin_for
      ../pract1a.asm:36     .text:00000064 if2
      ../pract1a.asm:44     .text:00000084 else2
      ../pract1a.asm:51     .text:00000098 par
      ../pract1a.asm:39     .text:00000070 if1
      ../pract1a.asm:52     .text:0000009c if
      ../pract1a.asm:56     .text:000000ac else
      ../pract1a.asm:57     .text:000000b0 fin_par
      ../pract1a.asm:59     .text:000000b4 $d
                   .debug_aranges:0000000c $d

NO UNDEFINED SYMBOLS
