   1              		.cpu arm7tdmi
   2              		.fpu softvfp
   3              		.eabi_attribute 20, 1
   4              		.eabi_attribute 21, 1
   5              		.eabi_attribute 23, 3
   6              		.eabi_attribute 24, 1
   7              		.eabi_attribute 25, 1
   8              		.eabi_attribute 26, 1
   9              		.eabi_attribute 30, 6
  10              		.eabi_attribute 18, 4
  11              		.file	"leds.c"
  21              	.Ltext0:
  22              		.file 1 "../leds.c"
 1020              		.align	2
 1021              	status:
 1022 0000 00000000 		.space	4
 1023              		.text
 1024              		.align	2
 1025              		.global	leds_init
 1027              	leds_init:
 1028              	.LFB0:
   1:../leds.c     **** /*-------------------------------------------------------------------
   2:../leds.c     **** **
   3:../leds.c     **** **  Fichero:
   4:../leds.c     **** **    leds.c  10/6/2014
   5:../leds.c     **** **
   6:../leds.c     **** **    Fundamentos de Computadores
   7:../leds.c     **** **    Dpto. de Arquitectura de Computadores y Automática
   8:../leds.c     **** **    Facultad de Informática. Universidad Complutense de Madrid
   9:../leds.c     **** **
  10:../leds.c     **** **  Propósito:
  11:../leds.c     **** **    Contiene las implementaciones de las funciones
  12:../leds.c     **** **    para el acceso a los leds de la placa de prototipado
  13:../leds.c     **** **
  14:../leds.c     **** **  Notas de diseño:
  15:../leds.c     **** **
  16:../leds.c     **** **-----------------------------------------------------------------*/
  17:../leds.c     **** 
  18:../leds.c     **** #include "ports.h"
  19:../leds.c     **** #include "leds.h"
  20:../leds.c     **** 
  21:../leds.c     **** // Mascaras de bits
  22:../leds.c     **** #define LED1 0x01
  23:../leds.c     **** #define LED2 0x02
  24:../leds.c     **** #define BIT_LED1 (0x1 << 9)
  25:../leds.c     **** #define BIT_LED2 (0x1 << 10)
  26:../leds.c     **** 
  27:../leds.c     **** // status representa el estado de los leds
  28:../leds.c     **** // sólo tienen sentido los dos bites menos
  29:../leds.c     **** // significativos, cada uno para un led
  30:../leds.c     **** // 1 encendido y 0 apagado
  31:../leds.c     **** static unsigned int status = 0; 
  32:../leds.c     **** 
  33:../leds.c     **** void leds_init( void )
  34:../leds.c     **** {
 1029              		.loc 1 34 0
 1030              		.cfi_startproc
 1031              		@ Function supports interworking.
 1032              		@ args = 0, pretend = 0, frame = 0
 1033              		@ frame_needed = 1, uses_anonymous_args = 0
 1034 0000 0DC0A0E1 		mov	ip, sp
 1035              	.LCFI0:
 1036              		.cfi_def_cfa_register 12
 1037 0004 00D82DE9 		stmfd	sp!, {fp, ip, lr, pc}
 1038 0008 04B04CE2 		sub	fp, ip, #4
 1039              		.cfi_offset 14, -8
 1040              		.cfi_offset 13, -12
 1041              		.cfi_offset 11, -16
 1042              	.LCFI1:
 1043              		.cfi_def_cfa 11, 4
  35:../leds.c     **** 	rPCONB = 0x1ff;
 1044              		.loc 1 35 0
 1045 000c 20309FE5 		ldr	r3, .L2
 1046 0010 20209FE5 		ldr	r2, .L2+4
 1047 0014 002083E5 		str	r2, [r3, #0]
  36:../leds.c     **** 	leds_display( status );
 1048              		.loc 1 36 0
 1049 0018 1C309FE5 		ldr	r3, .L2+8
 1050 001c 003093E5 		ldr	r3, [r3, #0]
 1051 0020 0300A0E1 		mov	r0, r3
 1052 0024 FEFFFFEB 		bl	leds_display
  37:../leds.c     **** }
 1053              		.loc 1 37 0
 1054 0028 0CD04BE2 		sub	sp, fp, #12
 1055 002c 00689DE8 		ldmfd	sp, {fp, sp, lr}
 1056 0030 1EFF2FE1 		bx	lr
 1057              	.L3:
 1058              		.align	2
 1059              	.L2:
 1060 0034 0800D201 		.word	30539784
 1061 0038 FF010000 		.word	511
 1062 003c 00000000 		.word	status
 1063              		.cfi_endproc
 1064              	.LFE0:
 1066              		.align	2
 1067              		.global	led1_on
 1069              	led1_on:
 1070              	.LFB1:
  38:../leds.c     **** 
  39:../leds.c     **** void led1_on( void )
  40:../leds.c     **** {
 1071              		.loc 1 40 0
 1072              		.cfi_startproc
 1073              		@ Function supports interworking.
 1074              		@ args = 0, pretend = 0, frame = 0
 1075              		@ frame_needed = 1, uses_anonymous_args = 0
 1076 0040 0DC0A0E1 		mov	ip, sp
 1077              	.LCFI2:
 1078              		.cfi_def_cfa_register 12
 1079 0044 00D82DE9 		stmfd	sp!, {fp, ip, lr, pc}
 1080 0048 04B04CE2 		sub	fp, ip, #4
 1081              		.cfi_offset 14, -8
 1082              		.cfi_offset 13, -12
 1083              		.cfi_offset 11, -16
 1084              	.LCFI3:
 1085              		.cfi_def_cfa 11, 4
  41:../leds.c     **** 	status |=  LED1;
 1086              		.loc 1 41 0
 1087 004c 28309FE5 		ldr	r3, .L5
 1088 0050 003093E5 		ldr	r3, [r3, #0]
 1089 0054 012083E3 		orr	r2, r3, #1
 1090 0058 1C309FE5 		ldr	r3, .L5
 1091 005c 002083E5 		str	r2, [r3, #0]
  42:../leds.c     **** 	leds_display( status );
 1092              		.loc 1 42 0
 1093 0060 14309FE5 		ldr	r3, .L5
 1094 0064 003093E5 		ldr	r3, [r3, #0]
 1095 0068 0300A0E1 		mov	r0, r3
 1096 006c FEFFFFEB 		bl	leds_display
  43:../leds.c     **** }
 1097              		.loc 1 43 0
 1098 0070 0CD04BE2 		sub	sp, fp, #12
 1099 0074 00689DE8 		ldmfd	sp, {fp, sp, lr}
 1100 0078 1EFF2FE1 		bx	lr
 1101              	.L6:
 1102              		.align	2
 1103              	.L5:
 1104 007c 00000000 		.word	status
 1105              		.cfi_endproc
 1106              	.LFE1:
 1108              		.align	2
 1109              		.global	led1_off
 1111              	led1_off:
 1112              	.LFB2:
  44:../leds.c     **** 
  45:../leds.c     **** void led1_off( void )
  46:../leds.c     **** {
 1113              		.loc 1 46 0
 1114              		.cfi_startproc
 1115              		@ Function supports interworking.
 1116              		@ args = 0, pretend = 0, frame = 0
 1117              		@ frame_needed = 1, uses_anonymous_args = 0
 1118 0080 0DC0A0E1 		mov	ip, sp
 1119              	.LCFI4:
 1120              		.cfi_def_cfa_register 12
 1121 0084 00D82DE9 		stmfd	sp!, {fp, ip, lr, pc}
 1122 0088 04B04CE2 		sub	fp, ip, #4
 1123              		.cfi_offset 14, -8
 1124              		.cfi_offset 13, -12
 1125              		.cfi_offset 11, -16
 1126              	.LCFI5:
 1127              		.cfi_def_cfa 11, 4
  47:../leds.c     **** 	status &=  ~LED1;
 1128              		.loc 1 47 0
 1129 008c 28309FE5 		ldr	r3, .L8
 1130 0090 003093E5 		ldr	r3, [r3, #0]
 1131 0094 0120C3E3 		bic	r2, r3, #1
 1132 0098 1C309FE5 		ldr	r3, .L8
 1133 009c 002083E5 		str	r2, [r3, #0]
  48:../leds.c     **** 	leds_display( status );
 1134              		.loc 1 48 0
 1135 00a0 14309FE5 		ldr	r3, .L8
 1136 00a4 003093E5 		ldr	r3, [r3, #0]
 1137 00a8 0300A0E1 		mov	r0, r3
 1138 00ac FEFFFFEB 		bl	leds_display
  49:../leds.c     **** }
 1139              		.loc 1 49 0
 1140 00b0 0CD04BE2 		sub	sp, fp, #12
 1141 00b4 00689DE8 		ldmfd	sp, {fp, sp, lr}
 1142 00b8 1EFF2FE1 		bx	lr
 1143              	.L9:
 1144              		.align	2
 1145              	.L8:
 1146 00bc 00000000 		.word	status
 1147              		.cfi_endproc
 1148              	.LFE2:
 1150              		.align	2
 1151              		.global	led2_on
 1153              	led2_on:
 1154              	.LFB3:
  50:../leds.c     **** 
  51:../leds.c     **** void led2_on( void )
  52:../leds.c     **** {
 1155              		.loc 1 52 0
 1156              		.cfi_startproc
 1157              		@ Function supports interworking.
 1158              		@ args = 0, pretend = 0, frame = 0
 1159              		@ frame_needed = 1, uses_anonymous_args = 0
 1160 00c0 0DC0A0E1 		mov	ip, sp
 1161              	.LCFI6:
 1162              		.cfi_def_cfa_register 12
 1163 00c4 00D82DE9 		stmfd	sp!, {fp, ip, lr, pc}
 1164 00c8 04B04CE2 		sub	fp, ip, #4
 1165              		.cfi_offset 14, -8
 1166              		.cfi_offset 13, -12
 1167              		.cfi_offset 11, -16
 1168              	.LCFI7:
 1169              		.cfi_def_cfa 11, 4
  53:../leds.c     **** 	status |=  LED2;
 1170              		.loc 1 53 0
 1171 00cc 28309FE5 		ldr	r3, .L11
 1172 00d0 003093E5 		ldr	r3, [r3, #0]
 1173 00d4 022083E3 		orr	r2, r3, #2
 1174 00d8 1C309FE5 		ldr	r3, .L11
 1175 00dc 002083E5 		str	r2, [r3, #0]
  54:../leds.c     **** 	leds_display( status );
 1176              		.loc 1 54 0
 1177 00e0 14309FE5 		ldr	r3, .L11
 1178 00e4 003093E5 		ldr	r3, [r3, #0]
 1179 00e8 0300A0E1 		mov	r0, r3
 1180 00ec FEFFFFEB 		bl	leds_display
  55:../leds.c     **** }
 1181              		.loc 1 55 0
 1182 00f0 0CD04BE2 		sub	sp, fp, #12
 1183 00f4 00689DE8 		ldmfd	sp, {fp, sp, lr}
 1184 00f8 1EFF2FE1 		bx	lr
 1185              	.L12:
 1186              		.align	2
 1187              	.L11:
 1188 00fc 00000000 		.word	status
 1189              		.cfi_endproc
 1190              	.LFE3:
 1192              		.align	2
 1193              		.global	led2_off
 1195              	led2_off:
 1196              	.LFB4:
  56:../leds.c     **** 
  57:../leds.c     **** void led2_off( void )
  58:../leds.c     **** {
 1197              		.loc 1 58 0
 1198              		.cfi_startproc
 1199              		@ Function supports interworking.
 1200              		@ args = 0, pretend = 0, frame = 0
 1201              		@ frame_needed = 1, uses_anonymous_args = 0
 1202 0100 0DC0A0E1 		mov	ip, sp
 1203              	.LCFI8:
 1204              		.cfi_def_cfa_register 12
 1205 0104 00D82DE9 		stmfd	sp!, {fp, ip, lr, pc}
 1206 0108 04B04CE2 		sub	fp, ip, #4
 1207              		.cfi_offset 14, -8
 1208              		.cfi_offset 13, -12
 1209              		.cfi_offset 11, -16
 1210              	.LCFI9:
 1211              		.cfi_def_cfa 11, 4
  59:../leds.c     **** 	status &=  ~LED2;
 1212              		.loc 1 59 0
 1213 010c 28309FE5 		ldr	r3, .L14
 1214 0110 003093E5 		ldr	r3, [r3, #0]
 1215 0114 0220C3E3 		bic	r2, r3, #2
 1216 0118 1C309FE5 		ldr	r3, .L14
 1217 011c 002083E5 		str	r2, [r3, #0]
  60:../leds.c     **** 	leds_display( status );
 1218              		.loc 1 60 0
 1219 0120 14309FE5 		ldr	r3, .L14
 1220 0124 003093E5 		ldr	r3, [r3, #0]
 1221 0128 0300A0E1 		mov	r0, r3
 1222 012c FEFFFFEB 		bl	leds_display
  61:../leds.c     **** }
 1223              		.loc 1 61 0
 1224 0130 0CD04BE2 		sub	sp, fp, #12
 1225 0134 00689DE8 		ldmfd	sp, {fp, sp, lr}
 1226 0138 1EFF2FE1 		bx	lr
 1227              	.L15:
 1228              		.align	2
 1229              	.L14:
 1230 013c 00000000 		.word	status
 1231              		.cfi_endproc
 1232              	.LFE4:
 1234              		.align	2
 1235              		.global	led1_switch
 1237              	led1_switch:
 1238              	.LFB5:
  62:../leds.c     **** 
  63:../leds.c     **** void led1_switch( void )
  64:../leds.c     **** {
 1239              		.loc 1 64 0
 1240              		.cfi_startproc
 1241              		@ Function supports interworking.
 1242              		@ args = 0, pretend = 0, frame = 0
 1243              		@ frame_needed = 1, uses_anonymous_args = 0
 1244 0140 0DC0A0E1 		mov	ip, sp
 1245              	.LCFI10:
 1246              		.cfi_def_cfa_register 12
 1247 0144 00D82DE9 		stmfd	sp!, {fp, ip, lr, pc}
 1248 0148 04B04CE2 		sub	fp, ip, #4
 1249              		.cfi_offset 14, -8
 1250              		.cfi_offset 13, -12
 1251              		.cfi_offset 11, -16
 1252              	.LCFI11:
 1253              		.cfi_def_cfa 11, 4
  65:../leds.c     **** 	status ^= LED1;
 1254              		.loc 1 65 0
 1255 014c 28309FE5 		ldr	r3, .L17
 1256 0150 003093E5 		ldr	r3, [r3, #0]
 1257 0154 012023E2 		eor	r2, r3, #1
 1258 0158 1C309FE5 		ldr	r3, .L17
 1259 015c 002083E5 		str	r2, [r3, #0]
  66:../leds.c     **** 	leds_display( status );
 1260              		.loc 1 66 0
 1261 0160 14309FE5 		ldr	r3, .L17
 1262 0164 003093E5 		ldr	r3, [r3, #0]
 1263 0168 0300A0E1 		mov	r0, r3
 1264 016c FEFFFFEB 		bl	leds_display
  67:../leds.c     **** }
 1265              		.loc 1 67 0
 1266 0170 0CD04BE2 		sub	sp, fp, #12
 1267 0174 00689DE8 		ldmfd	sp, {fp, sp, lr}
 1268 0178 1EFF2FE1 		bx	lr
 1269              	.L18:
 1270              		.align	2
 1271              	.L17:
 1272 017c 00000000 		.word	status
 1273              		.cfi_endproc
 1274              	.LFE5:
 1276              		.align	2
 1277              		.global	led2_switch
 1279              	led2_switch:
 1280              	.LFB6:
  68:../leds.c     **** 
  69:../leds.c     **** void led2_switch( void )
  70:../leds.c     **** {
 1281              		.loc 1 70 0
 1282              		.cfi_startproc
 1283              		@ Function supports interworking.
 1284              		@ args = 0, pretend = 0, frame = 0
 1285              		@ frame_needed = 1, uses_anonymous_args = 0
 1286 0180 0DC0A0E1 		mov	ip, sp
 1287              	.LCFI12:
 1288              		.cfi_def_cfa_register 12
 1289 0184 00D82DE9 		stmfd	sp!, {fp, ip, lr, pc}
 1290 0188 04B04CE2 		sub	fp, ip, #4
 1291              		.cfi_offset 14, -8
 1292              		.cfi_offset 13, -12
 1293              		.cfi_offset 11, -16
 1294              	.LCFI13:
 1295              		.cfi_def_cfa 11, 4
  71:../leds.c     **** 	status ^= LED2;
 1296              		.loc 1 71 0
 1297 018c 28309FE5 		ldr	r3, .L20
 1298 0190 003093E5 		ldr	r3, [r3, #0]
 1299 0194 022023E2 		eor	r2, r3, #2
 1300 0198 1C309FE5 		ldr	r3, .L20
 1301 019c 002083E5 		str	r2, [r3, #0]
  72:../leds.c     **** 	leds_display( status );
 1302              		.loc 1 72 0
 1303 01a0 14309FE5 		ldr	r3, .L20
 1304 01a4 003093E5 		ldr	r3, [r3, #0]
 1305 01a8 0300A0E1 		mov	r0, r3
 1306 01ac FEFFFFEB 		bl	leds_display
  73:../leds.c     **** }
 1307              		.loc 1 73 0
 1308 01b0 0CD04BE2 		sub	sp, fp, #12
 1309 01b4 00689DE8 		ldmfd	sp, {fp, sp, lr}
 1310 01b8 1EFF2FE1 		bx	lr
 1311              	.L21:
 1312              		.align	2
 1313              	.L20:
 1314 01bc 00000000 		.word	status
 1315              		.cfi_endproc
 1316              	.LFE6:
 1318              		.align	2
 1319              		.global	leds_switch
 1321              	leds_switch:
 1322              	.LFB7:
  74:../leds.c     **** 
  75:../leds.c     **** void leds_switch( void ){
 1323              		.loc 1 75 0
 1324              		.cfi_startproc
 1325              		@ Function supports interworking.
 1326              		@ args = 0, pretend = 0, frame = 0
 1327              		@ frame_needed = 1, uses_anonymous_args = 0
 1328 01c0 0DC0A0E1 		mov	ip, sp
 1329              	.LCFI14:
 1330              		.cfi_def_cfa_register 12
 1331 01c4 00D82DE9 		stmfd	sp!, {fp, ip, lr, pc}
 1332 01c8 04B04CE2 		sub	fp, ip, #4
 1333              		.cfi_offset 14, -8
 1334              		.cfi_offset 13, -12
 1335              		.cfi_offset 11, -16
 1336              	.LCFI15:
 1337              		.cfi_def_cfa 11, 4
  76:../leds.c     **** 	status ^= (LED1 | LED2);
 1338              		.loc 1 76 0
 1339 01cc 28309FE5 		ldr	r3, .L23
 1340 01d0 003093E5 		ldr	r3, [r3, #0]
 1341 01d4 032023E2 		eor	r2, r3, #3
 1342 01d8 1C309FE5 		ldr	r3, .L23
 1343 01dc 002083E5 		str	r2, [r3, #0]
  77:../leds.c     **** 	leds_display( status );
 1344              		.loc 1 77 0
 1345 01e0 14309FE5 		ldr	r3, .L23
 1346 01e4 003093E5 		ldr	r3, [r3, #0]
 1347 01e8 0300A0E1 		mov	r0, r3
 1348 01ec FEFFFFEB 		bl	leds_display
  78:../leds.c     **** }
 1349              		.loc 1 78 0
 1350 01f0 0CD04BE2 		sub	sp, fp, #12
 1351 01f4 00689DE8 		ldmfd	sp, {fp, sp, lr}
 1352 01f8 1EFF2FE1 		bx	lr
 1353              	.L24:
 1354              		.align	2
 1355              	.L23:
 1356 01fc 00000000 		.word	status
 1357              		.cfi_endproc
 1358              	.LFE7:
 1360              		.align	2
 1361              		.global	leds_display
 1363              	leds_display:
 1364              	.LFB8:
  79:../leds.c     **** 
  80:../leds.c     **** void leds_display( unsigned int leds_status )
  81:../leds.c     **** {
 1365              		.loc 1 81 0
 1366              		.cfi_startproc
 1367              		@ Function supports interworking.
 1368              		@ args = 0, pretend = 0, frame = 8
 1369              		@ frame_needed = 1, uses_anonymous_args = 0
 1370 0200 0DC0A0E1 		mov	ip, sp
 1371              	.LCFI16:
 1372              		.cfi_def_cfa_register 12
 1373 0204 00D82DE9 		stmfd	sp!, {fp, ip, lr, pc}
 1374 0208 04B04CE2 		sub	fp, ip, #4
 1375              		.cfi_offset 14, -8
 1376              		.cfi_offset 13, -12
 1377              		.cfi_offset 11, -16
 1378              	.LCFI17:
 1379              		.cfi_def_cfa 11, 4
 1380 020c 08D04DE2 		sub	sp, sp, #8
 1381 0210 10000BE5 		str	r0, [fp, #-16]
  82:../leds.c     **** 	status = leds_status;
 1382              		.loc 1 82 0
 1383 0214 94309FE5 		ldr	r3, .L30
 1384 0218 10201BE5 		ldr	r2, [fp, #-16]
 1385 021c 002083E5 		str	r2, [r3, #0]
  83:../leds.c     **** 	
  84:../leds.c     **** 	// LED 1
  85:../leds.c     **** 	if( status & LED1 )
 1386              		.loc 1 85 0
 1387 0220 88309FE5 		ldr	r3, .L30
 1388 0224 003093E5 		ldr	r3, [r3, #0]
 1389 0228 013003E2 		and	r3, r3, #1
 1390 022c FF3003E2 		and	r3, r3, #255
 1391 0230 000053E3 		cmp	r3, #0
 1392 0234 0500000A 		beq	.L26
  86:../leds.c     **** 		rPDATB &= ~BIT_LED1;
 1393              		.loc 1 86 0
 1394 0238 74309FE5 		ldr	r3, .L30+4
 1395 023c 70209FE5 		ldr	r2, .L30+4
 1396 0240 002092E5 		ldr	r2, [r2, #0]
 1397 0244 022CC2E3 		bic	r2, r2, #512
 1398 0248 002083E5 		str	r2, [r3, #0]
 1399 024c 040000EA 		b	.L27
 1400              	.L26:
  87:../leds.c     **** 	else
  88:../leds.c     **** 		rPDATB |= BIT_LED1;
 1401              		.loc 1 88 0
 1402 0250 5C309FE5 		ldr	r3, .L30+4
 1403 0254 58209FE5 		ldr	r2, .L30+4
 1404 0258 002092E5 		ldr	r2, [r2, #0]
 1405 025c 022C82E3 		orr	r2, r2, #512
 1406 0260 002083E5 		str	r2, [r3, #0]
 1407              	.L27:
  89:../leds.c     **** 
  90:../leds.c     **** 	// LED 2
  91:../leds.c     **** 	if( status & LED2 )
 1408              		.loc 1 91 0
 1409 0264 44309FE5 		ldr	r3, .L30
 1410 0268 003093E5 		ldr	r3, [r3, #0]
 1411 026c 023003E2 		and	r3, r3, #2
 1412 0270 000053E3 		cmp	r3, #0
 1413 0274 0500000A 		beq	.L28
  92:../leds.c     **** 		rPDATB &= ~BIT_LED2;
 1414              		.loc 1 92 0
 1415 0278 34309FE5 		ldr	r3, .L30+4
 1416 027c 30209FE5 		ldr	r2, .L30+4
 1417 0280 002092E5 		ldr	r2, [r2, #0]
 1418 0284 012BC2E3 		bic	r2, r2, #1024
 1419 0288 002083E5 		str	r2, [r3, #0]
 1420 028c 040000EA 		b	.L25
 1421              	.L28:
  93:../leds.c     **** 	else
  94:../leds.c     **** 		rPDATB |= BIT_LED2;
 1422              		.loc 1 94 0
 1423 0290 1C309FE5 		ldr	r3, .L30+4
 1424 0294 18209FE5 		ldr	r2, .L30+4
 1425 0298 002092E5 		ldr	r2, [r2, #0]
 1426 029c 012B82E3 		orr	r2, r2, #1024
 1427 02a0 002083E5 		str	r2, [r3, #0]
 1428              	.L25:
  95:../leds.c     **** }
 1429              		.loc 1 95 0
 1430 02a4 0CD04BE2 		sub	sp, fp, #12
 1431 02a8 00689DE8 		ldmfd	sp, {fp, sp, lr}
 1432 02ac 1EFF2FE1 		bx	lr
 1433              	.L31:
 1434              		.align	2
 1435              	.L30:
 1436 02b0 00000000 		.word	status
 1437 02b4 0C00D201 		.word	30539788
 1438              		.cfi_endproc
 1439              	.LFE8:
 1441              	.Letext0:
DEFINED SYMBOLS
                            *ABS*:00000000 leds.c
C:\Users\Marcos\AppData\Local\Temp\ccADjwEW.s:1020   .bss:00000000 $d
C:\Users\Marcos\AppData\Local\Temp\ccADjwEW.s:1021   .bss:00000000 status
C:\Users\Marcos\AppData\Local\Temp\ccADjwEW.s:1024   .text:00000000 $a
C:\Users\Marcos\AppData\Local\Temp\ccADjwEW.s:1027   .text:00000000 leds_init
C:\Users\Marcos\AppData\Local\Temp\ccADjwEW.s:1363   .text:00000200 leds_display
C:\Users\Marcos\AppData\Local\Temp\ccADjwEW.s:1060   .text:00000034 $d
C:\Users\Marcos\AppData\Local\Temp\ccADjwEW.s:1066   .text:00000040 $a
C:\Users\Marcos\AppData\Local\Temp\ccADjwEW.s:1069   .text:00000040 led1_on
C:\Users\Marcos\AppData\Local\Temp\ccADjwEW.s:1104   .text:0000007c $d
C:\Users\Marcos\AppData\Local\Temp\ccADjwEW.s:1108   .text:00000080 $a
C:\Users\Marcos\AppData\Local\Temp\ccADjwEW.s:1111   .text:00000080 led1_off
C:\Users\Marcos\AppData\Local\Temp\ccADjwEW.s:1146   .text:000000bc $d
C:\Users\Marcos\AppData\Local\Temp\ccADjwEW.s:1150   .text:000000c0 $a
C:\Users\Marcos\AppData\Local\Temp\ccADjwEW.s:1153   .text:000000c0 led2_on
C:\Users\Marcos\AppData\Local\Temp\ccADjwEW.s:1188   .text:000000fc $d
C:\Users\Marcos\AppData\Local\Temp\ccADjwEW.s:1192   .text:00000100 $a
C:\Users\Marcos\AppData\Local\Temp\ccADjwEW.s:1195   .text:00000100 led2_off
C:\Users\Marcos\AppData\Local\Temp\ccADjwEW.s:1230   .text:0000013c $d
C:\Users\Marcos\AppData\Local\Temp\ccADjwEW.s:1234   .text:00000140 $a
C:\Users\Marcos\AppData\Local\Temp\ccADjwEW.s:1237   .text:00000140 led1_switch
C:\Users\Marcos\AppData\Local\Temp\ccADjwEW.s:1272   .text:0000017c $d
C:\Users\Marcos\AppData\Local\Temp\ccADjwEW.s:1276   .text:00000180 $a
C:\Users\Marcos\AppData\Local\Temp\ccADjwEW.s:1279   .text:00000180 led2_switch
C:\Users\Marcos\AppData\Local\Temp\ccADjwEW.s:1314   .text:000001bc $d
C:\Users\Marcos\AppData\Local\Temp\ccADjwEW.s:1318   .text:000001c0 $a
C:\Users\Marcos\AppData\Local\Temp\ccADjwEW.s:1321   .text:000001c0 leds_switch
C:\Users\Marcos\AppData\Local\Temp\ccADjwEW.s:1356   .text:000001fc $d
C:\Users\Marcos\AppData\Local\Temp\ccADjwEW.s:1360   .text:00000200 $a
C:\Users\Marcos\AppData\Local\Temp\ccADjwEW.s:1436   .text:000002b0 $d
                     .debug_frame:00000010 $d

NO UNDEFINED SYMBOLS
